Breakpoint 1 at 0x40099e: file brokengdb1.cpp, line 8.
Breakpoint 2 at 0x400a3c: file brokengdb1.cpp, line 21.
Temporary breakpoint 3 at 0x40099e: file brokengdb1.cpp, line 8.
Starting program: /home/student/ee355/labs/lab7/a.out 

Breakpoint 1, main () at brokengdb1.cpp:8
8	{
10	    cout<<"Please enter n:"<<endl;
11	    cin>>n;
12	    long val=factorial(n);

Breakpoint 2, factorial (n=3) at brokengdb1.cpp:21
21	    if(n)
$1 = 3
22	        return factorial(n--)*n;

Breakpoint 2, factorial (n=3) at brokengdb1.cpp:21
21	    if(n)
$2 = 3
22	        return factorial(n--)*n;

Breakpoint 2, factorial (n=3) at brokengdb1.cpp:21
21	    if(n)
$3 = 3
22	        return factorial(n--)*n;

Breakpoint 2, factorial (n=3) at brokengdb1.cpp:21
21	    if(n)
$4 = 3
22	        return factorial(n--)*n;

Breakpoint 2, factorial (n=3) at brokengdb1.cpp:21
21	    if(n)
$5 = 3
Num     Type           Disp Enb Address            What
1       breakpoint     keep y   0x000000000040099e in main() at brokengdb1.cpp:8
	breakpoint already hit 1 time
2       breakpoint     keep y   0x0000000000400a3c in factorial(int) at brokengdb1.cpp:21
	breakpoint already hit 5 times
Currently logging to "gdb.txt".
Future logs will be written to brokengdb_5537908155.log.
Logs will be appended to the log file.
Output is being logged and displayed.
warning: bad breakpoint number at or near 'bp'
Continuing.

Program received signal SIGSEGV, Segmentation fault.
0x0000000000400a39 in factorial (
    n=<error reading variable: Cannot access memory at address 0x7fffff7feffc>) at brokengdb1.cpp:19
19	{
Continuing.

Program terminated with signal SIGSEGV, Segmentation fault.
The program no longer exists.
